<?xml version="1.0" encoding="UTF-8"?>
<!-- Generated by org.testng.reporters.JUnitReportReporter -->
<testsuite hostname="DESKTOP-6T2OMM2" failures="0" tests="3" name="com.tutorialninja.testcases.amazon" time="71.115" errors="0" timestamp="2024-10-09T21:40:24 IST" skipped="0">
  <testcase classname="com.tutorialninja.testcases.amazon" name="browserTest" time="25.933"/>
  <testcase classname="com.tutorialninja.testcases.amazon" name="browserTest" time="23.175"/>
  <testcase classname="com.tutorialninja.testcases.amazon" name="browserTest" time="22.007"/>
</testsuite> <!-- com.tutorialninja.testcases.amazon -->
